  stdafx.cpp
  BackGround.cpp
C:\Users\cv558\OneDrive\바탕 화면\SR\SR_Warlock\Client\Code\BackGround.cpp(106,102): warning C4244: '인수': 'int'에서 'FLOAT'(으)로 변환하면서 데이터가 손실될 수 있습니다.
  (소스 파일 '/Code/BackGround.cpp'을(를) 컴파일하는 중)
  
C:\Users\cv558\OneDrive\바탕 화면\SR\SR_Warlock\Client\Code\BackGround.cpp(111,102): warning C4244: '인수': 'int'에서 'FLOAT'(으)로 변환하면서 데이터가 손실될 수 있습니다.
  (소스 파일 '/Code/BackGround.cpp'을(를) 컴파일하는 중)
  
  BarUICamera.cpp
  Boss_Phase1.cpp
C:\Users\cv558\OneDrive\바탕 화면\SR\SR_Warlock\Client\Code\Boss_Phase1.cpp(371,80): warning C4244: '인수': 'float'에서 'Engine::_int'(으)로 변환하면서 데이터가 손실될 수 있습니다.
  (소스 파일 '/Code/Boss_Phase1.cpp'을(를) 컴파일하는 중)
  
  Boss_Phase2.cpp
  Boss_Stage.cpp
C:\Users\cv558\OneDrive\바탕 화면\SR\SR_Warlock\Client\Header\GameData.h(31,13): warning C4018: '>=': signed 또는 unsigned가 일치하지 않습니다.
  (소스 파일 '/Code/Boss_Stage.cpp'을(를) 컴파일하는 중)
  
C:\Users\cv558\OneDrive\바탕 화면\SR\SR_Warlock\Client\Header\GameData.h(40,16): warning C4018: '>=': signed 또는 unsigned가 일치하지 않습니다.
  (소스 파일 '/Code/Boss_Stage.cpp'을(를) 컴파일하는 중)
  
C:\Users\cv558\OneDrive\바탕 화면\SR\SR_Warlock\Client\Header\GameData.h(45,17): warning C4018: '>=': signed 또는 unsigned가 일치하지 않습니다.
  (소스 파일 '/Code/Boss_Stage.cpp'을(를) 컴파일하는 중)
  
C:\Users\cv558\OneDrive\바탕 화면\SR\SR_Warlock\Client\Header\GameData.h(55,13): warning C4018: '>=': signed 또는 unsigned가 일치하지 않습니다.
  (소스 파일 '/Code/Boss_Stage.cpp'을(를) 컴파일하는 중)
  
C:\Users\cv558\OneDrive\바탕 화면\SR\SR_Warlock\Client\Header\GameData.h(65,13): warning C4018: '<': signed 또는 unsigned가 일치하지 않습니다.
  (소스 파일 '/Code/Boss_Stage.cpp'을(를) 컴파일하는 중)
  
C:\Users\cv558\OneDrive\바탕 화면\SR\SR_Warlock\Client\Header\GameData.h(71,16): warning C4018: '<': signed 또는 unsigned가 일치하지 않습니다.
  (소스 파일 '/Code/Boss_Stage.cpp'을(를) 컴파일하는 중)
  
C:\Users\cv558\OneDrive\바탕 화면\SR\SR_Warlock\Client\Header\GameData.h(71,59): warning C4018: '<': signed 또는 unsigned가 일치하지 않습니다.
  (소스 파일 '/Code/Boss_Stage.cpp'을(를) 컴파일하는 중)
  
C:\Users\cv558\OneDrive\바탕 화면\SR\SR_Warlock\Client\Header\GameData.h(76,16): warning C4018: '<': signed 또는 unsigned가 일치하지 않습니다.
  (소스 파일 '/Code/Boss_Stage.cpp'을(를) 컴파일하는 중)
  
C:\Users\cv558\OneDrive\바탕 화면\SR\SR_Warlock\Client\Header\GameData.h(76,58): warning C4018: '<': signed 또는 unsigned가 일치하지 않습니다.
  (소스 파일 '/Code/Boss_Stage.cpp'을(를) 컴파일하는 중)
  
C:\Users\cv558\OneDrive\바탕 화면\SR\SR_Warlock\Client\Code\Boss_Stage.cpp(192,2): warning C4003: 함수 같은 매크로 호출 'FAILED_CHECK_RETURN'에 대해 인수가 부족합니다.
  (소스 파일 '/Code/Boss_Stage.cpp'을(를) 컴파일하는 중)
  
C:\Users\cv558\OneDrive\바탕 화면\SR\SR_Warlock\Client\Code\Boss_Stage.cpp(192,2): warning C4035: 'CBossStage::Ready_Layer_GameLogic': 반환 값이 없습니다.
  (소스 파일 '/Code/Boss_Stage.cpp'을(를) 컴파일하는 중)
  
C:\Users\cv558\OneDrive\바탕 화면\SR\SR_Warlock\Client\Code\Boss_Stage.cpp(360,70): warning C4305: '인수': 'double'에서 'const Engine::_float'(으)로 잘립니다.
  (소스 파일 '/Code/Boss_Stage.cpp'을(를) 컴파일하는 중)
  
  Boss_Tentacle.cpp
  Box.cpp
  BreakableProp.cpp
  BulletCase.cpp
  Claymore.cpp
  Cursor.cpp
C:\Users\cv558\OneDrive\바탕 화면\SR\SR_Warlock\Client\Code\Cursor.cpp(53,22): warning C4244: '=': 'float'에서 'LONG'(으)로 변환하면서 데이터가 손실될 수 있습니다.
  (소스 파일 '/Code/Cursor.cpp'을(를) 컴파일하는 중)
  
C:\Users\cv558\OneDrive\바탕 화면\SR\SR_Warlock\Client\Code\Cursor.cpp(54,22): warning C4244: '=': 'float'에서 'LONG'(으)로 변환하면서 데이터가 손실될 수 있습니다.
  (소스 파일 '/Code/Cursor.cpp'을(를) 컴파일하는 중)
  
  DecorativeProp.cpp
  Door.cpp
C:\Users\cv558\OneDrive\바탕 화면\SR\SR_Warlock\Client\Header\GameData.h(31,13): warning C4018: '>=': signed 또는 unsigned가 일치하지 않습니다.
  (소스 파일 '/Code/Door.cpp'을(를) 컴파일하는 중)
  
C:\Users\cv558\OneDrive\바탕 화면\SR\SR_Warlock\Client\Header\GameData.h(40,16): warning C4018: '>=': signed 또는 unsigned가 일치하지 않습니다.
  (소스 파일 '/Code/Door.cpp'을(를) 컴파일하는 중)
  
C:\Users\cv558\OneDrive\바탕 화면\SR\SR_Warlock\Client\Header\GameData.h(45,17): warning C4018: '>=': signed 또는 unsigned가 일치하지 않습니다.
  (소스 파일 '/Code/Door.cpp'을(를) 컴파일하는 중)
  
C:\Users\cv558\OneDrive\바탕 화면\SR\SR_Warlock\Client\Header\GameData.h(55,13): warning C4018: '>=': signed 또는 unsigned가 일치하지 않습니다.
  (소스 파일 '/Code/Door.cpp'을(를) 컴파일하는 중)
  
C:\Users\cv558\OneDrive\바탕 화면\SR\SR_Warlock\Client\Header\GameData.h(65,13): warning C4018: '<': signed 또는 unsigned가 일치하지 않습니다.
  (소스 파일 '/Code/Door.cpp'을(를) 컴파일하는 중)
  
C:\Users\cv558\OneDrive\바탕 화면\SR\SR_Warlock\Client\Header\GameData.h(71,16): warning C4018: '<': signed 또는 unsigned가 일치하지 않습니다.
  (소스 파일 '/Code/Door.cpp'을(를) 컴파일하는 중)
  
C:\Users\cv558\OneDrive\바탕 화면\SR\SR_Warlock\Client\Header\GameData.h(71,59): warning C4018: '<': signed 또는 unsigned가 일치하지 않습니다.
  (소스 파일 '/Code/Door.cpp'을(를) 컴파일하는 중)
  
C:\Users\cv558\OneDrive\바탕 화면\SR\SR_Warlock\Client\Header\GameData.h(76,16): warning C4018: '<': signed 또는 unsigned가 일치하지 않습니다.
  (소스 파일 '/Code/Door.cpp'을(를) 컴파일하는 중)
  
C:\Users\cv558\OneDrive\바탕 화면\SR\SR_Warlock\Client\Header\GameData.h(76,58): warning C4018: '<': signed 또는 unsigned가 일치하지 않습니다.
  (소스 파일 '/Code/Door.cpp'을(를) 컴파일하는 중)
  
  Effect.cpp
  Exit.cpp
  ExitMonster.cpp
  Explosion.cpp
  FaceUICamera.cpp
  Fire.cpp
  Firework.cpp
C:\Users\cv558\OneDrive\바탕 화면\SR\SR_Warlock\Client\Code\Firework.cpp(165,54): warning C4305: '인수': 'double'에서 'FLOAT'(으)로 잘립니다.
  (소스 파일 '/Code/Firework.cpp'을(를) 컴파일하는 중)
  
  코드를 생성하고 있습니다...
C:\Users\cv558\OneDrive\바탕 화면\SR\SR_Warlock\Client\Header\GameData.h(78): warning C4715: 'CGameData::IsActiveObjGroup': 모든 제어 경로에서 값을 반환하지는 않습니다.
  컴파일하고 있습니다...
  Flamer.cpp
  GameData.cpp
C:\Users\cv558\OneDrive\바탕 화면\SR\SR_Warlock\Client\Header\GameData.h(31,13): warning C4018: '>=': signed 또는 unsigned가 일치하지 않습니다.
  (소스 파일 '/Code/GameData.cpp'을(를) 컴파일하는 중)
  
C:\Users\cv558\OneDrive\바탕 화면\SR\SR_Warlock\Client\Header\GameData.h(40,16): warning C4018: '>=': signed 또는 unsigned가 일치하지 않습니다.
  (소스 파일 '/Code/GameData.cpp'을(를) 컴파일하는 중)
  
C:\Users\cv558\OneDrive\바탕 화면\SR\SR_Warlock\Client\Header\GameData.h(45,17): warning C4018: '>=': signed 또는 unsigned가 일치하지 않습니다.
  (소스 파일 '/Code/GameData.cpp'을(를) 컴파일하는 중)
  
C:\Users\cv558\OneDrive\바탕 화면\SR\SR_Warlock\Client\Header\GameData.h(55,13): warning C4018: '>=': signed 또는 unsigned가 일치하지 않습니다.
  (소스 파일 '/Code/GameData.cpp'을(를) 컴파일하는 중)
  
C:\Users\cv558\OneDrive\바탕 화면\SR\SR_Warlock\Client\Header\GameData.h(65,13): warning C4018: '<': signed 또는 unsigned가 일치하지 않습니다.
  (소스 파일 '/Code/GameData.cpp'을(를) 컴파일하는 중)
  
C:\Users\cv558\OneDrive\바탕 화면\SR\SR_Warlock\Client\Header\GameData.h(71,16): warning C4018: '<': signed 또는 unsigned가 일치하지 않습니다.
  (소스 파일 '/Code/GameData.cpp'을(를) 컴파일하는 중)
  
C:\Users\cv558\OneDrive\바탕 화면\SR\SR_Warlock\Client\Header\GameData.h(71,59): warning C4018: '<': signed 또는 unsigned가 일치하지 않습니다.
  (소스 파일 '/Code/GameData.cpp'을(를) 컴파일하는 중)
  
C:\Users\cv558\OneDrive\바탕 화면\SR\SR_Warlock\Client\Header\GameData.h(76,16): warning C4018: '<': signed 또는 unsigned가 일치하지 않습니다.
  (소스 파일 '/Code/GameData.cpp'을(를) 컴파일하는 중)
  
C:\Users\cv558\OneDrive\바탕 화면\SR\SR_Warlock\Client\Header\GameData.h(76,58): warning C4018: '<': signed 또는 unsigned가 일치하지 않습니다.
  (소스 파일 '/Code/GameData.cpp'을(를) 컴파일하는 중)
  
C:\Users\cv558\OneDrive\바탕 화면\SR\SR_Warlock\Client\Code\GameData.cpp(50,20): warning C4018: '<': signed 또는 unsigned가 일치하지 않습니다.
  (소스 파일 '/Code/GameData.cpp'을(를) 컴파일하는 중)
  
C:\Users\cv558\OneDrive\바탕 화면\SR\SR_Warlock\Client\Code\GameData.cpp(57,20): warning C4018: '<': signed 또는 unsigned가 일치하지 않습니다.
  (소스 파일 '/Code/GameData.cpp'을(를) 컴파일하는 중)
  
C:\Users\cv558\OneDrive\바탕 화면\SR\SR_Warlock\Client\Code\GameData.cpp(65,20): warning C4018: '<': signed 또는 unsigned가 일치하지 않습니다.
  (소스 파일 '/Code/GameData.cpp'을(를) 컴파일하는 중)
  
C:\Users\cv558\OneDrive\바탕 화면\SR\SR_Warlock\Client\Code\GameData.cpp(73,20): warning C4018: '<': signed 또는 unsigned가 일치하지 않습니다.
  (소스 파일 '/Code/GameData.cpp'을(를) 컴파일하는 중)
  
C:\Users\cv558\OneDrive\바탕 화면\SR\SR_Warlock\Client\Code\GameData.cpp(75,21): warning C4018: '<': signed 또는 unsigned가 일치하지 않습니다.
  (소스 파일 '/Code/GameData.cpp'을(를) 컴파일하는 중)
  
C:\Users\cv558\OneDrive\바탕 화면\SR\SR_Warlock\Client\Code\GameData.cpp(84,20): warning C4018: '<': signed 또는 unsigned가 일치하지 않습니다.
  (소스 파일 '/Code/GameData.cpp'을(를) 컴파일하는 중)
  
C:\Users\cv558\OneDrive\바탕 화면\SR\SR_Warlock\Client\Code\GameData.cpp(115,12): warning C4018: '>': signed 또는 unsigned가 일치하지 않습니다.
  (소스 파일 '/Code/GameData.cpp'을(를) 컴파일하는 중)
  
C:\Users\cv558\OneDrive\바탕 화면\SR\SR_Warlock\Client\Code\GameData.cpp(125,12): warning C4018: '>=': signed 또는 unsigned가 일치하지 않습니다.
  (소스 파일 '/Code/GameData.cpp'을(를) 컴파일하는 중)
  
  HUDUICamera.cpp
  IceBullet.cpp
  InteractiveProp.cpp
  Item.cpp
C:\Users\cv558\OneDrive\바탕 화면\SR\SR_Warlock\Client\Code\Item.cpp(109,41): warning C4305: '인수': 'double'에서 'FLOAT'(으)로 잘립니다.
  (소스 파일 '/Code/Item.cpp'을(를) 컴파일하는 중)
  
C:\Users\cv558\OneDrive\바탕 화면\SR\SR_Warlock\Client\Code\Item.cpp(109,36): warning C4305: '인수': 'double'에서 'FLOAT'(으)로 잘립니다.
  (소스 파일 '/Code/Item.cpp'을(를) 컴파일하는 중)
  
C:\Users\cv558\OneDrive\바탕 화면\SR\SR_Warlock\Client\Code\Item.cpp(109,31): warning C4305: '인수': 'double'에서 'FLOAT'(으)로 잘립니다.
  (소스 파일 '/Code/Item.cpp'을(를) 컴파일하는 중)
  
  KeyUICamera.cpp
  LightToggle.cpp
C:\Users\cv558\OneDrive\바탕 화면\SR\SR_Warlock\Client\Header\GameData.h(31,13): warning C4018: '>=': signed 또는 unsigned가 일치하지 않습니다.
  (소스 파일 '/Code/LightToggle.cpp'을(를) 컴파일하는 중)
  
C:\Users\cv558\OneDrive\바탕 화면\SR\SR_Warlock\Client\Header\GameData.h(40,16): warning C4018: '>=': signed 또는 unsigned가 일치하지 않습니다.
  (소스 파일 '/Code/LightToggle.cpp'을(를) 컴파일하는 중)
  
C:\Users\cv558\OneDrive\바탕 화면\SR\SR_Warlock\Client\Header\GameData.h(45,17): warning C4018: '>=': signed 또는 unsigned가 일치하지 않습니다.
  (소스 파일 '/Code/LightToggle.cpp'을(를) 컴파일하는 중)
  
C:\Users\cv558\OneDrive\바탕 화면\SR\SR_Warlock\Client\Header\GameData.h(55,13): warning C4018: '>=': signed 또는 unsigned가 일치하지 않습니다.
  (소스 파일 '/Code/LightToggle.cpp'을(를) 컴파일하는 중)
  
C:\Users\cv558\OneDrive\바탕 화면\SR\SR_Warlock\Client\Header\GameData.h(65,13): warning C4018: '<': signed 또는 unsigned가 일치하지 않습니다.
  (소스 파일 '/Code/LightToggle.cpp'을(를) 컴파일하는 중)
  
C:\Users\cv558\OneDrive\바탕 화면\SR\SR_Warlock\Client\Header\GameData.h(71,16): warning C4018: '<': signed 또는 unsigned가 일치하지 않습니다.
  (소스 파일 '/Code/LightToggle.cpp'을(를) 컴파일하는 중)
  
C:\Users\cv558\OneDrive\바탕 화면\SR\SR_Warlock\Client\Header\GameData.h(71,59): warning C4018: '<': signed 또는 unsigned가 일치하지 않습니다.
  (소스 파일 '/Code/LightToggle.cpp'을(를) 컴파일하는 중)
  
C:\Users\cv558\OneDrive\바탕 화면\SR\SR_Warlock\Client\Header\GameData.h(76,16): warning C4018: '<': signed 또는 unsigned가 일치하지 않습니다.
  (소스 파일 '/Code/LightToggle.cpp'을(를) 컴파일하는 중)
  
C:\Users\cv558\OneDrive\바탕 화면\SR\SR_Warlock\Client\Header\GameData.h(76,58): warning C4018: '<': signed 또는 unsigned가 일치하지 않습니다.
  (소스 파일 '/Code/LightToggle.cpp'을(를) 컴파일하는 중)
  
C:\Users\cv558\OneDrive\바탕 화면\SR\SR_Warlock\Client\Code\LightToggle.cpp(64,21): warning C4018: '<': signed 또는 unsigned가 일치하지 않습니다.
  (소스 파일 '/Code/LightToggle.cpp'을(를) 컴파일하는 중)
  
  LineList.cpp
C:\Users\cv558\OneDrive\바탕 화면\SR\SR_Warlock\Client\Code\LineList.cpp(117,20): warning C4018: '<': signed 또는 unsigned가 일치하지 않습니다.
  (소스 파일 '/Code/LineList.cpp'을(를) 컴파일하는 중)
  
C:\Users\cv558\OneDrive\바탕 화면\SR\SR_Warlock\Client\Code\LineList.cpp(121,20): warning C4018: '<': signed 또는 unsigned가 일치하지 않습니다.
  (소스 파일 '/Code/LineList.cpp'을(를) 컴파일하는 중)
  
  Loading.cpp
C:\Users\cv558\OneDrive\바탕 화면\SR\SR_Warlock\Client\Header\GameData.h(31,13): warning C4018: '>=': signed 또는 unsigned가 일치하지 않습니다.
  (소스 파일 '/Code/Loading.cpp'을(를) 컴파일하는 중)
  
C:\Users\cv558\OneDrive\바탕 화면\SR\SR_Warlock\Client\Header\GameData.h(40,16): warning C4018: '>=': signed 또는 unsigned가 일치하지 않습니다.
  (소스 파일 '/Code/Loading.cpp'을(를) 컴파일하는 중)
  
C:\Users\cv558\OneDrive\바탕 화면\SR\SR_Warlock\Client\Header\GameData.h(45,17): warning C4018: '>=': signed 또는 unsigned가 일치하지 않습니다.
  (소스 파일 '/Code/Loading.cpp'을(를) 컴파일하는 중)
  
C:\Users\cv558\OneDrive\바탕 화면\SR\SR_Warlock\Client\Header\GameData.h(55,13): warning C4018: '>=': signed 또는 unsigned가 일치하지 않습니다.
  (소스 파일 '/Code/Loading.cpp'을(를) 컴파일하는 중)
  
C:\Users\cv558\OneDrive\바탕 화면\SR\SR_Warlock\Client\Header\GameData.h(65,13): warning C4018: '<': signed 또는 unsigned가 일치하지 않습니다.
  (소스 파일 '/Code/Loading.cpp'을(를) 컴파일하는 중)
  
C:\Users\cv558\OneDrive\바탕 화면\SR\SR_Warlock\Client\Header\GameData.h(71,16): warning C4018: '<': signed 또는 unsigned가 일치하지 않습니다.
  (소스 파일 '/Code/Loading.cpp'을(를) 컴파일하는 중)
  
C:\Users\cv558\OneDrive\바탕 화면\SR\SR_Warlock\Client\Header\GameData.h(71,59): warning C4018: '<': signed 또는 unsigned가 일치하지 않습니다.
  (소스 파일 '/Code/Loading.cpp'을(를) 컴파일하는 중)
  
C:\Users\cv558\OneDrive\바탕 화면\SR\SR_Warlock\Client\Header\GameData.h(76,16): warning C4018: '<': signed 또는 unsigned가 일치하지 않습니다.
  (소스 파일 '/Code/Loading.cpp'을(를) 컴파일하는 중)
  
C:\Users\cv558\OneDrive\바탕 화면\SR\SR_Warlock\Client\Header\GameData.h(76,58): warning C4018: '<': signed 또는 unsigned가 일치하지 않습니다.
  (소스 파일 '/Code/Loading.cpp'을(를) 컴파일하는 중)
  
  Logo.cpp
  Looker.cpp
  MainApp.cpp
C:\Users\cv558\OneDrive\바탕 화면\SR\SR_Warlock\Client\Header\GameData.h(31,13): warning C4018: '>=': signed 또는 unsigned가 일치하지 않습니다.
  (소스 파일 '/Code/MainApp.cpp'을(를) 컴파일하는 중)
  
C:\Users\cv558\OneDrive\바탕 화면\SR\SR_Warlock\Client\Header\GameData.h(40,16): warning C4018: '>=': signed 또는 unsigned가 일치하지 않습니다.
  (소스 파일 '/Code/MainApp.cpp'을(를) 컴파일하는 중)
  
C:\Users\cv558\OneDrive\바탕 화면\SR\SR_Warlock\Client\Header\GameData.h(45,17): warning C4018: '>=': signed 또는 unsigned가 일치하지 않습니다.
  (소스 파일 '/Code/MainApp.cpp'을(를) 컴파일하는 중)
  
C:\Users\cv558\OneDrive\바탕 화면\SR\SR_Warlock\Client\Header\GameData.h(55,13): warning C4018: '>=': signed 또는 unsigned가 일치하지 않습니다.
  (소스 파일 '/Code/MainApp.cpp'을(를) 컴파일하는 중)
  
C:\Users\cv558\OneDrive\바탕 화면\SR\SR_Warlock\Client\Header\GameData.h(65,13): warning C4018: '<': signed 또는 unsigned가 일치하지 않습니다.
  (소스 파일 '/Code/MainApp.cpp'을(를) 컴파일하는 중)
  
C:\Users\cv558\OneDrive\바탕 화면\SR\SR_Warlock\Client\Header\GameData.h(71,16): warning C4018: '<': signed 또는 unsigned가 일치하지 않습니다.
  (소스 파일 '/Code/MainApp.cpp'을(를) 컴파일하는 중)
  
C:\Users\cv558\OneDrive\바탕 화면\SR\SR_Warlock\Client\Header\GameData.h(71,59): warning C4018: '<': signed 또는 unsigned가 일치하지 않습니다.
  (소스 파일 '/Code/MainApp.cpp'을(를) 컴파일하는 중)
  
C:\Users\cv558\OneDrive\바탕 화면\SR\SR_Warlock\Client\Header\GameData.h(76,16): warning C4018: '<': signed 또는 unsigned가 일치하지 않습니다.
  (소스 파일 '/Code/MainApp.cpp'을(를) 컴파일하는 중)
  
C:\Users\cv558\OneDrive\바탕 화면\SR\SR_Warlock\Client\Header\GameData.h(76,58): warning C4018: '<': signed 또는 unsigned가 일치하지 않습니다.
  (소스 파일 '/Code/MainApp.cpp'을(를) 컴파일하는 중)
  
  MainMenu.cpp
C:\Users\cv558\OneDrive\바탕 화면\SR\SR_Warlock\Client\Code\MainMenu.cpp(110,77): warning C4305: '인수': 'double'에서 'float'(으)로 잘립니다.
  (소스 파일 '/Code/MainMenu.cpp'을(를) 컴파일하는 중)
  
C:\Users\cv558\OneDrive\바탕 화면\SR\SR_Warlock\Client\Code\MainMenu.cpp(114,73): warning C4305: '인수': 'double'에서 'float'(으)로 잘립니다.
  (소스 파일 '/Code/MainMenu.cpp'을(를) 컴파일하는 중)
  
C:\Users\cv558\OneDrive\바탕 화면\SR\SR_Warlock\Client\Code\MainMenu.cpp(118,81): warning C4305: '인수': 'double'에서 'float'(으)로 잘립니다.
  (소스 파일 '/Code/MainMenu.cpp'을(를) 컴파일하는 중)
  
C:\Users\cv558\OneDrive\바탕 화면\SR\SR_Warlock\Client\Code\MainMenu.cpp(137,122): warning C4305: '인수': 'double'에서 'float'(으)로 잘립니다.
  (소스 파일 '/Code/MainMenu.cpp'을(를) 컴파일하는 중)
  
  MeshGroup.cpp
C:\Users\cv558\OneDrive\바탕 화면\SR\SR_Warlock\Client\Code\MeshGroup.cpp(51,11): warning C4018: '<': signed 또는 unsigned가 일치하지 않습니다.
  (소스 파일 '/Code/MeshGroup.cpp'을(를) 컴파일하는 중)
  
C:\Users\cv558\OneDrive\바탕 화면\SR\SR_Warlock\Client\Code\MeshGroup.cpp(69,20): warning C4018: '<': signed 또는 unsigned가 일치하지 않습니다.
  (소스 파일 '/Code/MeshGroup.cpp'을(를) 컴파일하는 중)
  
C:\Users\cv558\OneDrive\바탕 화면\SR\SR_Warlock\Client\Code\MeshGroup.cpp(89,20): warning C4018: '<': signed 또는 unsigned가 일치하지 않습니다.
  (소스 파일 '/Code/MeshGroup.cpp'을(를) 컴파일하는 중)
  
C:\Users\cv558\OneDrive\바탕 화면\SR\SR_Warlock\Client\Code\MeshGroup.cpp(108,20): warning C4018: '<': signed 또는 unsigned가 일치하지 않습니다.
  (소스 파일 '/Code/MeshGroup.cpp'을(를) 컴파일하는 중)
  
C:\Users\cv558\OneDrive\바탕 화면\SR\SR_Warlock\Client\Code\MeshGroup.cpp(145,20): warning C4018: '<': signed 또는 unsigned가 일치하지 않습니다.
  (소스 파일 '/Code/MeshGroup.cpp'을(를) 컴파일하는 중)
  
C:\Users\cv558\OneDrive\바탕 화면\SR\SR_Warlock\Client\Code\MeshGroup.cpp(149,20): warning C4018: '<': signed 또는 unsigned가 일치하지 않습니다.
  (소스 파일 '/Code/MeshGroup.cpp'을(를) 컴파일하는 중)
  
  Minigun.cpp
  MiniMap.cpp
C:\Users\cv558\OneDrive\바탕 화면\SR\SR_Warlock\Client\Header\GameData.h(31,13): warning C4018: '>=': signed 또는 unsigned가 일치하지 않습니다.
  (소스 파일 '/Code/MiniMap.cpp'을(를) 컴파일하는 중)
  
C:\Users\cv558\OneDrive\바탕 화면\SR\SR_Warlock\Client\Header\GameData.h(40,16): warning C4018: '>=': signed 또는 unsigned가 일치하지 않습니다.
  (소스 파일 '/Code/MiniMap.cpp'을(를) 컴파일하는 중)
  
C:\Users\cv558\OneDrive\바탕 화면\SR\SR_Warlock\Client\Header\GameData.h(45,17): warning C4018: '>=': signed 또는 unsigned가 일치하지 않습니다.
  (소스 파일 '/Code/MiniMap.cpp'을(를) 컴파일하는 중)
  
C:\Users\cv558\OneDrive\바탕 화면\SR\SR_Warlock\Client\Header\GameData.h(55,13): warning C4018: '>=': signed 또는 unsigned가 일치하지 않습니다.
  (소스 파일 '/Code/MiniMap.cpp'을(를) 컴파일하는 중)
  
C:\Users\cv558\OneDrive\바탕 화면\SR\SR_Warlock\Client\Header\GameData.h(65,13): warning C4018: '<': signed 또는 unsigned가 일치하지 않습니다.
  (소스 파일 '/Code/MiniMap.cpp'을(를) 컴파일하는 중)
  
C:\Users\cv558\OneDrive\바탕 화면\SR\SR_Warlock\Client\Header\GameData.h(71,16): warning C4018: '<': signed 또는 unsigned가 일치하지 않습니다.
  (소스 파일 '/Code/MiniMap.cpp'을(를) 컴파일하는 중)
  
C:\Users\cv558\OneDrive\바탕 화면\SR\SR_Warlock\Client\Header\GameData.h(71,59): warning C4018: '<': signed 또는 unsigned가 일치하지 않습니다.
  (소스 파일 '/Code/MiniMap.cpp'을(를) 컴파일하는 중)
  
C:\Users\cv558\OneDrive\바탕 화면\SR\SR_Warlock\Client\Header\GameData.h(76,16): warning C4018: '<': signed 또는 unsigned가 일치하지 않습니다.
  (소스 파일 '/Code/MiniMap.cpp'을(를) 컴파일하는 중)
  
C:\Users\cv558\OneDrive\바탕 화면\SR\SR_Warlock\Client\Header\GameData.h(76,58): warning C4018: '<': signed 또는 unsigned가 일치하지 않습니다.
  (소스 파일 '/Code/MiniMap.cpp'을(를) 컴파일하는 중)
  
C:\Users\cv558\OneDrive\바탕 화면\SR\SR_Warlock\Client\Code\MiniMap.cpp(44,20): warning C4018: '<': signed 또는 unsigned가 일치하지 않습니다.
  (소스 파일 '/Code/MiniMap.cpp'을(를) 컴파일하는 중)
  
C:\Users\cv558\OneDrive\바탕 화면\SR\SR_Warlock\Client\Code\MiniMap.cpp(78,20): warning C4018: '<': signed 또는 unsigned가 일치하지 않습니다.
  (소스 파일 '/Code/MiniMap.cpp'을(를) 컴파일하는 중)
  
C:\Users\cv558\OneDrive\바탕 화면\SR\SR_Warlock\Client\Code\MiniMap.cpp(108,18): warning C4244: '=': 'float'에서 'DWORD'(으)로 변환하면서 데이터가 손실될 수 있습니다.
  (소스 파일 '/Code/MiniMap.cpp'을(를) 컴파일하는 중)
  
C:\Users\cv558\OneDrive\바탕 화면\SR\SR_Warlock\Client\Code\MiniMap.cpp(109,18): warning C4244: '=': 'float'에서 'DWORD'(으)로 변환하면서 데이터가 손실될 수 있습니다.
  (소스 파일 '/Code/MiniMap.cpp'을(를) 컴파일하는 중)
  
C:\Users\cv558\OneDrive\바탕 화면\SR\SR_Warlock\Client\Code\MiniMap.cpp(169,20): warning C4018: '<': signed 또는 unsigned가 일치하지 않습니다.
  (소스 파일 '/Code/MiniMap.cpp'을(를) 컴파일하는 중)
  
  MiniMapUITex.cpp
  Monster.cpp
  MonsterBullet.cpp
  코드를 생성하고 있습니다...
C:\Users\cv558\OneDrive\바탕 화면\SR\SR_Warlock\Client\Code\GameData.cpp(595): warning C4715: 'CGameData::LoadFbx': 모든 제어 경로에서 값을 반환하지는 않습니다.
C:\Users\cv558\OneDrive\바탕 화면\SR\SR_Warlock\Client\Code\GameData.cpp(548): warning C4715: 'CGameData::LoadData': 모든 제어 경로에서 값을 반환하지는 않습니다.
  컴파일하고 있습니다...
  MonsterHpUI.cpp
C:\Users\cv558\OneDrive\바탕 화면\SR\SR_Warlock\Client\Code\MonsterHpUI.cpp(120,60): warning C4244: '인수': 'unsigned int'에서 'FLOAT'(으)로 변환하면서 데이터가 손실될 수 있습니다.
  (소스 파일 '/Code/MonsterHpUI.cpp'을(를) 컴파일하는 중)
  
  PB_Claymore.cpp
  PB_None.cpp
  PB_Reactor.cpp
  PB_Rocket.cpp
  PB_Staff.cpp
  Player.cpp
C:\Users\cv558\OneDrive\바탕 화면\SR\SR_Warlock\Client\Code\Player.cpp(542,32): warning C4305: '인수': 'unsigned int'에서 'Engine::_ubyte'(으)로 잘립니다.
  (소스 파일 '/Code/Player.cpp'을(를) 컴파일하는 중)
  
C:\Users\cv558\OneDrive\바탕 화면\SR\SR_Warlock\Client\Code\Player.cpp(542,32): warning C4309: '인수': 상수 값이 잘립니다.
  (소스 파일 '/Code/Player.cpp'을(를) 컴파일하는 중)
  
C:\Users\cv558\OneDrive\바탕 화면\SR\SR_Warlock\Client\Code\Player.cpp(546,37): warning C4305: '인수': 'unsigned int'에서 'Engine::_ubyte'(으)로 잘립니다.
  (소스 파일 '/Code/Player.cpp'을(를) 컴파일하는 중)
  
C:\Users\cv558\OneDrive\바탕 화면\SR\SR_Warlock\Client\Code\Player.cpp(546,37): warning C4309: '인수': 상수 값이 잘립니다.
  (소스 파일 '/Code/Player.cpp'을(를) 컴파일하는 중)
  
C:\Users\cv558\OneDrive\바탕 화면\SR\SR_Warlock\Client\Code\Player.cpp(550,37): warning C4305: '인수': 'unsigned int'에서 'Engine::_ubyte'(으)로 잘립니다.
  (소스 파일 '/Code/Player.cpp'을(를) 컴파일하는 중)
  
C:\Users\cv558\OneDrive\바탕 화면\SR\SR_Warlock\Client\Code\Player.cpp(550,37): warning C4309: '인수': 상수 값이 잘립니다.
  (소스 파일 '/Code/Player.cpp'을(를) 컴파일하는 중)
  
C:\Users\cv558\OneDrive\바탕 화면\SR\SR_Warlock\Client\Code\Player.cpp(554,37): warning C4305: '인수': 'unsigned int'에서 'Engine::_ubyte'(으)로 잘립니다.
  (소스 파일 '/Code/Player.cpp'을(를) 컴파일하는 중)
  
C:\Users\cv558\OneDrive\바탕 화면\SR\SR_Warlock\Client\Code\Player.cpp(554,37): warning C4309: '인수': 상수 값이 잘립니다.
  (소스 파일 '/Code/Player.cpp'을(를) 컴파일하는 중)
  
C:\Users\cv558\OneDrive\바탕 화면\SR\SR_Warlock\Client\Code\Player.cpp(558,37): warning C4305: '인수': 'unsigned int'에서 'Engine::_ubyte'(으)로 잘립니다.
  (소스 파일 '/Code/Player.cpp'을(를) 컴파일하는 중)
  
C:\Users\cv558\OneDrive\바탕 화면\SR\SR_Warlock\Client\Code\Player.cpp(558,37): warning C4309: '인수': 상수 값이 잘립니다.
  (소스 파일 '/Code/Player.cpp'을(를) 컴파일하는 중)
  
C:\Users\cv558\OneDrive\바탕 화면\SR\SR_Warlock\Client\Code\Player.cpp(562,37): warning C4305: '인수': 'unsigned int'에서 'Engine::_ubyte'(으)로 잘립니다.
  (소스 파일 '/Code/Player.cpp'을(를) 컴파일하는 중)
  
C:\Users\cv558\OneDrive\바탕 화면\SR\SR_Warlock\Client\Code\Player.cpp(562,37): warning C4309: '인수': 상수 값이 잘립니다.
  (소스 파일 '/Code/Player.cpp'을(를) 컴파일하는 중)
  
C:\Users\cv558\OneDrive\바탕 화면\SR\SR_Warlock\Client\Code\Player.cpp(566,37): warning C4305: '인수': 'unsigned int'에서 'Engine::_ubyte'(으)로 잘립니다.
  (소스 파일 '/Code/Player.cpp'을(를) 컴파일하는 중)
  
C:\Users\cv558\OneDrive\바탕 화면\SR\SR_Warlock\Client\Code\Player.cpp(566,37): warning C4309: '인수': 상수 값이 잘립니다.
  (소스 파일 '/Code/Player.cpp'을(를) 컴파일하는 중)
  
  PlayerBullet.cpp
  PlayerUICamera.cpp
  Portal.cpp
  Prop.cpp
  Puddle.cpp
  Reactor.cpp
  Revolver.cpp
  Rocket_Launcher.cpp
  ScreenEffect.cpp
  Shambler.cpp
  ShopNPC.cpp
  ShopUICamera.cpp
  Shotgun.cpp
  코드를 생성하고 있습니다...
  컴파일하고 있습니다...
  SkyBox.cpp
  Smoke.cpp
  Snow.cpp
  SpawnToggle.cpp
C:\Users\cv558\OneDrive\바탕 화면\SR\SR_Warlock\Client\Header\GameData.h(31,13): warning C4018: '>=': signed 또는 unsigned가 일치하지 않습니다.
  (소스 파일 '/Code/SpawnToggle.cpp'을(를) 컴파일하는 중)
  
C:\Users\cv558\OneDrive\바탕 화면\SR\SR_Warlock\Client\Header\GameData.h(40,16): warning C4018: '>=': signed 또는 unsigned가 일치하지 않습니다.
  (소스 파일 '/Code/SpawnToggle.cpp'을(를) 컴파일하는 중)
  
C:\Users\cv558\OneDrive\바탕 화면\SR\SR_Warlock\Client\Header\GameData.h(45,17): warning C4018: '>=': signed 또는 unsigned가 일치하지 않습니다.
  (소스 파일 '/Code/SpawnToggle.cpp'을(를) 컴파일하는 중)
  
C:\Users\cv558\OneDrive\바탕 화면\SR\SR_Warlock\Client\Header\GameData.h(55,13): warning C4018: '>=': signed 또는 unsigned가 일치하지 않습니다.
  (소스 파일 '/Code/SpawnToggle.cpp'을(를) 컴파일하는 중)
  
C:\Users\cv558\OneDrive\바탕 화면\SR\SR_Warlock\Client\Header\GameData.h(65,13): warning C4018: '<': signed 또는 unsigned가 일치하지 않습니다.
  (소스 파일 '/Code/SpawnToggle.cpp'을(를) 컴파일하는 중)
  
C:\Users\cv558\OneDrive\바탕 화면\SR\SR_Warlock\Client\Header\GameData.h(71,16): warning C4018: '<': signed 또는 unsigned가 일치하지 않습니다.
  (소스 파일 '/Code/SpawnToggle.cpp'을(를) 컴파일하는 중)
  
C:\Users\cv558\OneDrive\바탕 화면\SR\SR_Warlock\Client\Header\GameData.h(71,59): warning C4018: '<': signed 또는 unsigned가 일치하지 않습니다.
  (소스 파일 '/Code/SpawnToggle.cpp'을(를) 컴파일하는 중)
  
C:\Users\cv558\OneDrive\바탕 화면\SR\SR_Warlock\Client\Header\GameData.h(76,16): warning C4018: '<': signed 또는 unsigned가 일치하지 않습니다.
  (소스 파일 '/Code/SpawnToggle.cpp'을(를) 컴파일하는 중)
  
C:\Users\cv558\OneDrive\바탕 화면\SR\SR_Warlock\Client\Header\GameData.h(76,58): warning C4018: '<': signed 또는 unsigned가 일치하지 않습니다.
  (소스 파일 '/Code/SpawnToggle.cpp'을(를) 컴파일하는 중)
  
  Staff.cpp
  Stage.cpp
C:\Users\cv558\OneDrive\바탕 화면\SR\SR_Warlock\Client\Header\GameData.h(31,13): warning C4018: '>=': signed 또는 unsigned가 일치하지 않습니다.
  (소스 파일 '/Code/Stage.cpp'을(를) 컴파일하는 중)
  
C:\Users\cv558\OneDrive\바탕 화면\SR\SR_Warlock\Client\Header\GameData.h(40,16): warning C4018: '>=': signed 또는 unsigned가 일치하지 않습니다.
  (소스 파일 '/Code/Stage.cpp'을(를) 컴파일하는 중)
  
C:\Users\cv558\OneDrive\바탕 화면\SR\SR_Warlock\Client\Header\GameData.h(45,17): warning C4018: '>=': signed 또는 unsigned가 일치하지 않습니다.
  (소스 파일 '/Code/Stage.cpp'을(를) 컴파일하는 중)
  
C:\Users\cv558\OneDrive\바탕 화면\SR\SR_Warlock\Client\Header\GameData.h(55,13): warning C4018: '>=': signed 또는 unsigned가 일치하지 않습니다.
  (소스 파일 '/Code/Stage.cpp'을(를) 컴파일하는 중)
  
C:\Users\cv558\OneDrive\바탕 화면\SR\SR_Warlock\Client\Header\GameData.h(65,13): warning C4018: '<': signed 또는 unsigned가 일치하지 않습니다.
  (소스 파일 '/Code/Stage.cpp'을(를) 컴파일하는 중)
  
C:\Users\cv558\OneDrive\바탕 화면\SR\SR_Warlock\Client\Header\GameData.h(71,16): warning C4018: '<': signed 또는 unsigned가 일치하지 않습니다.
  (소스 파일 '/Code/Stage.cpp'을(를) 컴파일하는 중)
  
C:\Users\cv558\OneDrive\바탕 화면\SR\SR_Warlock\Client\Header\GameData.h(71,59): warning C4018: '<': signed 또는 unsigned가 일치하지 않습니다.
  (소스 파일 '/Code/Stage.cpp'을(를) 컴파일하는 중)
  
C:\Users\cv558\OneDrive\바탕 화면\SR\SR_Warlock\Client\Header\GameData.h(76,16): warning C4018: '<': signed 또는 unsigned가 일치하지 않습니다.
  (소스 파일 '/Code/Stage.cpp'을(를) 컴파일하는 중)
  
C:\Users\cv558\OneDrive\바탕 화면\SR\SR_Warlock\Client\Header\GameData.h(76,58): warning C4018: '<': signed 또는 unsigned가 일치하지 않습니다.
  (소스 파일 '/Code/Stage.cpp'을(를) 컴파일하는 중)
  
C:\Users\cv558\OneDrive\바탕 화면\SR\SR_Warlock\Client\Code\Stage.cpp(105,3): warning C4003: 함수 같은 매크로 호출 'NULL_CHECK_RETURN'에 대해 인수가 부족합니다.
  (소스 파일 '/Code/Stage.cpp'을(를) 컴파일하는 중)
  
C:\Users\cv558\OneDrive\바탕 화면\SR\SR_Warlock\Client\Code\Stage.cpp(107,3): warning C4003: 함수 같은 매크로 호출 'FAILED_CHECK_RETURN'에 대해 인수가 부족합니다.
  (소스 파일 '/Code/Stage.cpp'을(를) 컴파일하는 중)
  
C:\Users\cv558\OneDrive\바탕 화면\SR\SR_Warlock\Client\Code\Stage.cpp(206,2): warning C4003: 함수 같은 매크로 호출 'FAILED_CHECK_RETURN'에 대해 인수가 부족합니다.
  (소스 파일 '/Code/Stage.cpp'을(를) 컴파일하는 중)
  
C:\Users\cv558\OneDrive\바탕 화면\SR\SR_Warlock\Client\Code\Stage.cpp(206,2): warning C4035: 'CStage::Ready_Layer_GameLogic': 반환 값이 없습니다.
  (소스 파일 '/Code/Stage.cpp'을(를) 컴파일하는 중)
  
C:\Users\cv558\OneDrive\바탕 화면\SR\SR_Warlock\Client\Code\Stage.cpp(836,20): warning C4018: '<': signed 또는 unsigned가 일치하지 않습니다.
  (소스 파일 '/Code/Stage.cpp'을(를) 컴파일하는 중)
  
C:\Users\cv558\OneDrive\바탕 화면\SR\SR_Warlock\Client\Code\Stage.cpp(1049,70): warning C4305: '인수': 'double'에서 'const Engine::_float'(으)로 잘립니다.
  (소스 파일 '/Code/Stage.cpp'을(를) 컴파일하는 중)
  
  Terrain.cpp
  Thingy.cpp
  Thorn.cpp
  TmpMesh.cpp
  Toggle.cpp
  UI.cpp
  UIDynamicTex.cpp
  UITex.cpp
  Weapon.cpp
  Yeti.cpp
  Client.cpp
  코드를 생성하고 있습니다...
C:\Users\cv558\OneDrive\바탕 화면\SR\SR_Warlock\Client\Header\GameData.h(78): warning C4715: 'CGameData::IsActiveObjGroup': 모든 제어 경로에서 값을 반환하지는 않습니다.
     ../Bin\Client.lib 라이브러리 및 ../Bin\Client.exp 개체를 생성하고 있습니다.
libfbxsdk-md.lib(fbxutils.obj) : warning LNK4099: '' PDB를 'libfbxsdk-md.lib(fbxutils.obj)' 또는 ''에서 찾을 수 없습니다. 디버그 정보가 없는 것처럼 개체를 링크합니다.
libfbxsdk-md.lib(fbxstring.obj) : warning LNK4099: '' PDB를 'libfbxsdk-md.lib(fbxstring.obj)' 또는 ''에서 찾을 수 없습니다. 디버그 정보가 없는 것처럼 개체를 링크합니다.
libfbxsdk-md.lib(fbxstatus.obj) : warning LNK4099: '' PDB를 'libfbxsdk-md.lib(fbxstatus.obj)' 또는 ''에서 찾을 수 없습니다. 디버그 정보가 없는 것처럼 개체를 링크합니다.
libfbxsdk-md.lib(fbxfolder.obj) : warning LNK4099: '' PDB를 'libfbxsdk-md.lib(fbxfolder.obj)' 또는 ''에서 찾을 수 없습니다. 디버그 정보가 없는 것처럼 개체를 링크합니다.
libfbxsdk-md.lib(fbxdebug.obj) : warning LNK4099: '' PDB를 'libfbxsdk-md.lib(fbxdebug.obj)' 또는 ''에서 찾을 수 없습니다. 디버그 정보가 없는 것처럼 개체를 링크합니다.
libfbxsdk-md.lib(fbxalloc.obj) : warning LNK4099: '' PDB를 'libfbxsdk-md.lib(fbxalloc.obj)' 또는 ''에서 찾을 수 없습니다. 디버그 정보가 없는 것처럼 개체를 링크합니다.
  Client.vcxproj -> C:\Users\cv558\OneDrive\바탕 화면\SR\SR_Warlock\Client\Bin\Client.exe
